<?xml version="1.0" encoding="UTF-8"?>
<!-- Generated by org.testng.reporters.JUnitReportReporter -->
<testsuite hostname="DESKTOP-5I8QE3D" failures="0" tests="1" name="frame.test_case" time="80.270" errors="0" timestamp="2022-12-12T23:04:54 IST" skipped="0">
  <testcase classname="frame.test_case" name="tc1" time="80.270"/>
  <system-out/>
</testsuite> <!-- frame.test_case -->
